[18-Nov-2019 00:43:42 UTC] デバッグ：------------------------------------
[18-Nov-2019 00:43:42 UTC] デバッグ：メインページ
[18-Nov-2019 00:43:42 UTC] デバッグ：------------------------------------
[18-Nov-2019 00:43:42 UTC] デバッグ：>>>>>>>>>>>>>>>>>>>>>>>画面処理開始
[18-Nov-2019 00:43:42 UTC] デバッグ：セッションID：868ggjbirnig8sm8oohnhtc95i
[18-Nov-2019 00:43:42 UTC] デバッグ：セッション名：Array
(
    [login_date] => 1573615988
    [login_limit] => 2592000
    [user_id] => 32
    [msg_success] => 登録しました。
)

[18-Nov-2019 00:43:42 UTC] デバッグ：現在日時スタンプ：1574037822
[18-Nov-2019 00:43:42 UTC] デバッグ：ログイン期限日時タイムスタンプ：1576207988
[18-Nov-2019 00:43:42 UTC] デバッグ：商品情報を取得します。
[18-Nov-2019 00:43:42 UTC] デバッグ：クエリ成功
[18-Nov-2019 00:43:42 UTC] デバッグ：SQL：SELECT * FROM product LIMIT 15 OFFSET 0
[18-Nov-2019 00:43:42 UTC] デバッグ：クエリ成功
[18-Nov-2019 00:43:42 UTC] デバッグ：カテゴリー情報を取得
[18-Nov-2019 00:43:42 UTC] デバッグ：クエリ成功
[18-Nov-2019 00:43:42 UTC] デバッグ：ターゲット情報を取得
[18-Nov-2019 00:43:42 UTC] デバッグ：クエリ成功
[18-Nov-2019 00:43:42 UTC] デバッグ：画面表示処理終了<<<<<<<<<<<<<<<<<<<<<<<
[18-Nov-2019 00:43:47 UTC] デバッグ：------------------------------------
[18-Nov-2019 00:43:47 UTC] デバッグ：メインページ
[18-Nov-2019 00:43:47 UTC] デバッグ：------------------------------------
[18-Nov-2019 00:43:47 UTC] デバッグ：>>>>>>>>>>>>>>>>>>>>>>>画面処理開始
[18-Nov-2019 00:43:47 UTC] デバッグ：セッションID：og6g280ncj8ac6nj5ardip35sc
[18-Nov-2019 00:43:47 UTC] デバッグ：セッション名：Array
(
    [login_date] => 1573615988
    [login_limit] => 2592000
    [user_id] => 32
    [msg_success] => 登録しました。
)

[18-Nov-2019 00:43:47 UTC] デバッグ：現在日時スタンプ：1574037827
[18-Nov-2019 00:43:47 UTC] デバッグ：ログイン期限日時タイムスタンプ：1576207988
[18-Nov-2019 00:43:47 UTC] デバッグ：商品情報を取得します。
[18-Nov-2019 00:43:47 UTC] デバッグ：クエリ成功
[18-Nov-2019 00:43:47 UTC] デバッグ：SQL：SELECT * FROM product WHERE category_id = 2 LIMIT 15 OFFSET 0
[18-Nov-2019 00:43:47 UTC] デバッグ：クエリ成功
[18-Nov-2019 00:43:47 UTC] デバッグ：カテゴリー情報を取得
[18-Nov-2019 00:43:47 UTC] デバッグ：クエリ成功
[18-Nov-2019 00:43:47 UTC] デバッグ：ターゲット情報を取得
[18-Nov-2019 00:43:47 UTC] デバッグ：クエリ成功
[18-Nov-2019 00:43:47 UTC] デバッグ：画面表示処理終了<<<<<<<<<<<<<<<<<<<<<<<
[18-Nov-2019 00:43:53 UTC] デバッグ：------------------------------------
[18-Nov-2019 00:43:53 UTC] デバッグ：メインページ
[18-Nov-2019 00:43:53 UTC] デバッグ：------------------------------------
[18-Nov-2019 00:43:53 UTC] デバッグ：>>>>>>>>>>>>>>>>>>>>>>>画面処理開始
[18-Nov-2019 00:43:53 UTC] デバッグ：セッションID：97s196i4aj7tc22p5qicshj6v3
[18-Nov-2019 00:43:53 UTC] デバッグ：セッション名：Array
(
    [login_date] => 1573615988
    [login_limit] => 2592000
    [user_id] => 32
    [msg_success] => 登録しました。
)

[18-Nov-2019 00:43:53 UTC] デバッグ：現在日時スタンプ：1574037833
[18-Nov-2019 00:43:53 UTC] デバッグ：ログイン期限日時タイムスタンプ：1576207988
[18-Nov-2019 00:43:53 UTC] デバッグ：商品情報を取得します。
[18-Nov-2019 00:43:53 UTC] デバッグ：クエリ成功
[18-Nov-2019 00:43:53 UTC] デバッグ：SQL：SELECT * FROM product WHERE category_id = 2 LIMIT 15 OFFSET 0
[18-Nov-2019 00:43:53 UTC] デバッグ：クエリ成功
[18-Nov-2019 00:43:53 UTC] デバッグ：カテゴリー情報を取得
[18-Nov-2019 00:43:53 UTC] デバッグ：クエリ成功
[18-Nov-2019 00:43:53 UTC] デバッグ：ターゲット情報を取得
[18-Nov-2019 00:43:53 UTC] デバッグ：クエリ成功
[18-Nov-2019 00:43:53 UTC] デバッグ：画面表示処理終了<<<<<<<<<<<<<<<<<<<<<<<
[18-Nov-2019 00:43:56 UTC] デバッグ：------------------------------------
[18-Nov-2019 00:43:56 UTC] デバッグ：メインページ
[18-Nov-2019 00:43:56 UTC] デバッグ：------------------------------------
[18-Nov-2019 00:43:56 UTC] デバッグ：>>>>>>>>>>>>>>>>>>>>>>>画面処理開始
[18-Nov-2019 00:43:56 UTC] デバッグ：セッションID：gu52rttogggsj6suer29436khj
[18-Nov-2019 00:43:56 UTC] デバッグ：セッション名：Array
(
    [login_date] => 1573615988
    [login_limit] => 2592000
    [user_id] => 32
    [msg_success] => 登録しました。
)

[18-Nov-2019 00:43:56 UTC] デバッグ：現在日時スタンプ：1574037836
[18-Nov-2019 00:43:56 UTC] デバッグ：ログイン期限日時タイムスタンプ：1576207988
[18-Nov-2019 00:43:56 UTC] デバッグ：商品情報を取得します。
[18-Nov-2019 00:43:56 UTC] デバッグ：クエリ成功
[18-Nov-2019 00:43:56 UTC] デバッグ：SQL：SELECT * FROM product LIMIT 15 OFFSET 0
[18-Nov-2019 00:43:56 UTC] デバッグ：クエリ成功
[18-Nov-2019 00:43:56 UTC] デバッグ：カテゴリー情報を取得
[18-Nov-2019 00:43:56 UTC] デバッグ：クエリ成功
[18-Nov-2019 00:43:56 UTC] デバッグ：ターゲット情報を取得
[18-Nov-2019 00:43:56 UTC] デバッグ：クエリ成功
[18-Nov-2019 00:43:56 UTC] デバッグ：画面表示処理終了<<<<<<<<<<<<<<<<<<<<<<<
[18-Nov-2019 00:43:59 UTC] デバッグ：------------------------------------
[18-Nov-2019 00:43:59 UTC] デバッグ：メインページ
[18-Nov-2019 00:43:59 UTC] デバッグ：------------------------------------
[18-Nov-2019 00:43:59 UTC] デバッグ：>>>>>>>>>>>>>>>>>>>>>>>画面処理開始
[18-Nov-2019 00:43:59 UTC] デバッグ：セッションID：356lubcevv633ck8p2menktk4f
[18-Nov-2019 00:43:59 UTC] デバッグ：セッション名：Array
(
    [login_date] => 1573615988
    [login_limit] => 2592000
    [user_id] => 32
    [msg_success] => 登録しました。
)

[18-Nov-2019 00:43:59 UTC] デバッグ：現在日時スタンプ：1574037839
[18-Nov-2019 00:43:59 UTC] デバッグ：ログイン期限日時タイムスタンプ：1576207988
[18-Nov-2019 00:43:59 UTC] デバッグ：商品情報を取得します。
[18-Nov-2019 00:43:59 UTC] デバッグ：クエリ成功
[18-Nov-2019 00:43:59 UTC] デバッグ：SQL：SELECT * FROM product WHERE category_id = 5 LIMIT 15 OFFSET 0
[18-Nov-2019 00:43:59 UTC] デバッグ：クエリ成功
[18-Nov-2019 00:43:59 UTC] デバッグ：カテゴリー情報を取得
[18-Nov-2019 00:43:59 UTC] デバッグ：クエリ成功
[18-Nov-2019 00:43:59 UTC] デバッグ：ターゲット情報を取得
[18-Nov-2019 00:43:59 UTC] デバッグ：クエリ成功
[18-Nov-2019 00:43:59 UTC] デバッグ：画面表示処理終了<<<<<<<<<<<<<<<<<<<<<<<
[18-Nov-2019 00:44:10 UTC] デバッグ：------------------------------------
[18-Nov-2019 00:44:10 UTC] デバッグ：メインページ
[18-Nov-2019 00:44:10 UTC] デバッグ：------------------------------------
[18-Nov-2019 00:44:10 UTC] デバッグ：>>>>>>>>>>>>>>>>>>>>>>>画面処理開始
[18-Nov-2019 00:44:10 UTC] デバッグ：セッションID：q21fp497gugg8d7bklv93j5f2l
[18-Nov-2019 00:44:10 UTC] デバッグ：セッション名：Array
(
    [login_date] => 1573615988
    [login_limit] => 2592000
    [user_id] => 32
    [msg_success] => 登録しました。
)

[18-Nov-2019 00:44:10 UTC] デバッグ：現在日時スタンプ：1574037850
[18-Nov-2019 00:44:10 UTC] デバッグ：ログイン期限日時タイムスタンプ：1576207988
[18-Nov-2019 00:44:10 UTC] デバッグ：商品情報を取得します。
[18-Nov-2019 00:44:10 UTC] デバッグ：クエリ成功
[18-Nov-2019 00:44:10 UTC] デバッグ：SQL：SELECT * FROM product LIMIT 15 OFFSET 0
[18-Nov-2019 00:44:10 UTC] デバッグ：クエリ成功
[18-Nov-2019 00:44:10 UTC] デバッグ：カテゴリー情報を取得
[18-Nov-2019 00:44:10 UTC] デバッグ：クエリ成功
[18-Nov-2019 00:44:10 UTC] デバッグ：ターゲット情報を取得
[18-Nov-2019 00:44:10 UTC] デバッグ：クエリ成功
[18-Nov-2019 00:44:10 UTC] デバッグ：画面表示処理終了<<<<<<<<<<<<<<<<<<<<<<<
[18-Nov-2019 00:44:16 UTC] デバッグ：------------------------------------
[18-Nov-2019 00:44:16 UTC] デバッグ：メインページ
[18-Nov-2019 00:44:16 UTC] デバッグ：------------------------------------
[18-Nov-2019 00:44:16 UTC] デバッグ：>>>>>>>>>>>>>>>>>>>>>>>画面処理開始
[18-Nov-2019 00:44:16 UTC] デバッグ：セッションID：br4r8jp96fhn8685cpjmvni47d
[18-Nov-2019 00:44:16 UTC] デバッグ：セッション名：Array
(
    [login_date] => 1573615988
    [login_limit] => 2592000
    [user_id] => 32
    [msg_success] => 登録しました。
)

[18-Nov-2019 00:44:16 UTC] デバッグ：現在日時スタンプ：1574037856
[18-Nov-2019 00:44:16 UTC] デバッグ：ログイン期限日時タイムスタンプ：1576207988
[18-Nov-2019 00:44:16 UTC] デバッグ：商品情報を取得します。
[18-Nov-2019 00:44:16 UTC] デバッグ：クエリ成功
[18-Nov-2019 00:44:16 UTC] デバッグ：SQL：SELECT * FROM product WHERE target_id = 1 LIMIT 15 OFFSET 0
[18-Nov-2019 00:44:16 UTC] デバッグ：クエリ成功
[18-Nov-2019 00:44:16 UTC] デバッグ：カテゴリー情報を取得
[18-Nov-2019 00:44:16 UTC] デバッグ：クエリ成功
[18-Nov-2019 00:44:16 UTC] デバッグ：ターゲット情報を取得
[18-Nov-2019 00:44:16 UTC] デバッグ：クエリ成功
[18-Nov-2019 00:44:16 UTC] デバッグ：画面表示処理終了<<<<<<<<<<<<<<<<<<<<<<<
[18-Nov-2019 00:44:54 UTC] デバッグ：------------------------------------
[18-Nov-2019 00:44:54 UTC] デバッグ：メインページ
[18-Nov-2019 00:44:54 UTC] デバッグ：------------------------------------
[18-Nov-2019 00:44:54 UTC] デバッグ：>>>>>>>>>>>>>>>>>>>>>>>画面処理開始
[18-Nov-2019 00:44:54 UTC] デバッグ：セッションID：589o0dtcper10a0o7q1b17sue3
[18-Nov-2019 00:44:54 UTC] デバッグ：セッション名：Array
(
    [login_date] => 1573615988
    [login_limit] => 2592000
    [user_id] => 32
    [msg_success] => 登録しました。
)

[18-Nov-2019 00:44:54 UTC] デバッグ：現在日時スタンプ：1574037894
[18-Nov-2019 00:44:54 UTC] デバッグ：ログイン期限日時タイムスタンプ：1576207988
[18-Nov-2019 00:44:54 UTC] デバッグ：商品情報を取得します。
[18-Nov-2019 00:44:54 UTC] デバッグ：クエリ成功
[18-Nov-2019 00:44:54 UTC] デバッグ：SQL：SELECT * FROM product LIMIT 15 OFFSET 0
[18-Nov-2019 00:44:54 UTC] デバッグ：クエリ成功
[18-Nov-2019 00:44:54 UTC] デバッグ：カテゴリー情報を取得
[18-Nov-2019 00:44:54 UTC] デバッグ：クエリ成功
[18-Nov-2019 00:44:54 UTC] デバッグ：ターゲット情報を取得
[18-Nov-2019 00:44:54 UTC] デバッグ：クエリ成功
[18-Nov-2019 00:44:54 UTC] デバッグ：画面表示処理終了<<<<<<<<<<<<<<<<<<<<<<<
[18-Nov-2019 00:44:55 UTC] デバッグ：------------------------------------
[18-Nov-2019 00:44:55 UTC] デバッグ：メインページ
[18-Nov-2019 00:44:55 UTC] デバッグ：------------------------------------
[18-Nov-2019 00:44:55 UTC] デバッグ：>>>>>>>>>>>>>>>>>>>>>>>画面処理開始
[18-Nov-2019 00:44:55 UTC] デバッグ：セッションID：uvh1tn2p2sliq6o8vp6vmjddfq
[18-Nov-2019 00:44:55 UTC] デバッグ：セッション名：Array
(
    [login_date] => 1573615988
    [login_limit] => 2592000
    [user_id] => 32
    [msg_success] => 登録しました。
)

[18-Nov-2019 00:44:55 UTC] デバッグ：現在日時スタンプ：1574037895
[18-Nov-2019 00:44:55 UTC] デバッグ：ログイン期限日時タイムスタンプ：1576207988
[18-Nov-2019 00:44:55 UTC] デバッグ：商品情報を取得します。
[18-Nov-2019 00:44:55 UTC] デバッグ：クエリ成功
[18-Nov-2019 00:44:55 UTC] デバッグ：SQL：SELECT * FROM product LIMIT 15 OFFSET 0
[18-Nov-2019 00:44:55 UTC] デバッグ：クエリ成功
[18-Nov-2019 00:44:55 UTC] デバッグ：カテゴリー情報を取得
[18-Nov-2019 00:44:55 UTC] デバッグ：クエリ成功
[18-Nov-2019 00:44:55 UTC] デバッグ：ターゲット情報を取得
[18-Nov-2019 00:44:55 UTC] デバッグ：クエリ成功
[18-Nov-2019 00:44:55 UTC] デバッグ：画面表示処理終了<<<<<<<<<<<<<<<<<<<<<<<
[18-Nov-2019 00:44:57 UTC] デバッグ：------------------------------------
[18-Nov-2019 00:44:57 UTC] デバッグ：ログインページ
[18-Nov-2019 00:44:57 UTC] デバッグ：------------------------------------
[18-Nov-2019 00:44:57 UTC] デバッグ：>>>>>>>>>>>>>>>>>>>>>>>画面処理開始
[18-Nov-2019 00:44:57 UTC] デバッグ：セッションID：2c6ijvhjj11kkp6tbnhm9oq1re
[18-Nov-2019 00:44:57 UTC] デバッグ：セッション名：Array
(
    [login_date] => 1573615988
    [login_limit] => 2592000
    [user_id] => 32
    [msg_success] => 登録しました。
)

[18-Nov-2019 00:44:57 UTC] デバッグ：現在日時スタンプ：1574037897
[18-Nov-2019 00:44:57 UTC] デバッグ：ログイン期限日時タイムスタンプ：1576207988
[18-Nov-2019 00:44:57 UTC] デバッグ：画面表示処理終了<<<<<<<<<<<<<<<<<<<<<<<
[18-Nov-2019 00:45:02 UTC] デバッグ：------------------------------------
[18-Nov-2019 00:45:02 UTC] デバッグ：ログアウトページ
[18-Nov-2019 00:45:02 UTC] デバッグ：------------------------------------
[18-Nov-2019 00:45:02 UTC] デバッグ：>>>>>>>>>>>>>>>>>>>>>>>画面処理開始
[18-Nov-2019 00:45:02 UTC] デバッグ：セッションID：6qhug7uvvf139c2kpd45d7uhno
[18-Nov-2019 00:45:02 UTC] デバッグ：セッション名：Array
(
    [login_date] => 1573615988
    [login_limit] => 2592000
    [user_id] => 32
    [msg_success] => 登録しました。
)

[18-Nov-2019 00:45:02 UTC] デバッグ：現在日時スタンプ：1574037902
[18-Nov-2019 00:45:02 UTC] デバッグ：ログイン期限日時タイムスタンプ：1576207988
[18-Nov-2019 00:45:02 UTC] デバッグ：ログアウトします。
[18-Nov-2019 00:45:02 UTC] デバッグ：トップページへ遷移します。
[18-Nov-2019 00:45:05 UTC] デバッグ：------------------------------------
[18-Nov-2019 00:45:05 UTC] デバッグ：サインアップページ
[18-Nov-2019 00:45:05 UTC] デバッグ：------------------------------------
[18-Nov-2019 00:45:05 UTC] デバッグ：>>>>>>>>>>>>>>>>>>>>>>>画面処理開始
[18-Nov-2019 00:45:05 UTC] デバッグ：セッションID：9pic0f0k3pm2v9ctuvtorar7ir
[18-Nov-2019 00:45:05 UTC] デバッグ：セッション名：Array
(
)

[18-Nov-2019 00:45:05 UTC] デバッグ：現在日時スタンプ：1574037905
[18-Nov-2019 00:45:23 UTC] デバッグ：------------------------------------
[18-Nov-2019 00:45:23 UTC] デバッグ：メインページ
[18-Nov-2019 00:45:23 UTC] デバッグ：------------------------------------
[18-Nov-2019 00:45:23 UTC] デバッグ：>>>>>>>>>>>>>>>>>>>>>>>画面処理開始
[18-Nov-2019 00:45:23 UTC] デバッグ：セッションID：hvgmvdqg0jjfvhb4dafk2rffgl
[18-Nov-2019 00:45:23 UTC] デバッグ：セッション名：Array
(
)

[18-Nov-2019 00:45:23 UTC] デバッグ：現在日時スタンプ：1574037923
[18-Nov-2019 00:45:23 UTC] デバッグ：商品情報を取得します。
[18-Nov-2019 00:45:23 UTC] デバッグ：クエリ成功
[18-Nov-2019 00:45:23 UTC] デバッグ：SQL：SELECT * FROM product LIMIT 15 OFFSET 0
[18-Nov-2019 00:45:23 UTC] デバッグ：クエリ成功
[18-Nov-2019 00:45:23 UTC] デバッグ：カテゴリー情報を取得
[18-Nov-2019 00:45:23 UTC] デバッグ：クエリ成功
[18-Nov-2019 00:45:23 UTC] デバッグ：ターゲット情報を取得
[18-Nov-2019 00:45:23 UTC] デバッグ：クエリ成功
[18-Nov-2019 00:45:23 UTC] デバッグ：画面表示処理終了<<<<<<<<<<<<<<<<<<<<<<<
[18-Nov-2019 00:45:29 UTC] デバッグ：------------------------------------
[18-Nov-2019 00:45:29 UTC] デバッグ：メインページ
[18-Nov-2019 00:45:29 UTC] デバッグ：------------------------------------
[18-Nov-2019 00:45:29 UTC] デバッグ：>>>>>>>>>>>>>>>>>>>>>>>画面処理開始
[18-Nov-2019 00:45:29 UTC] デバッグ：セッションID：2p77sk67m5viehutob59reree8
[18-Nov-2019 00:45:29 UTC] デバッグ：セッション名：Array
(
)

[18-Nov-2019 00:45:29 UTC] デバッグ：現在日時スタンプ：1574037929
[18-Nov-2019 00:45:29 UTC] デバッグ：商品情報を取得します。
[18-Nov-2019 00:45:29 UTC] デバッグ：クエリ成功
[18-Nov-2019 00:45:29 UTC] デバッグ：SQL：SELECT * FROM product LIMIT 15 OFFSET 15
[18-Nov-2019 00:45:29 UTC] デバッグ：クエリ成功
[18-Nov-2019 00:45:29 UTC] デバッグ：カテゴリー情報を取得
[18-Nov-2019 00:45:29 UTC] デバッグ：クエリ成功
[18-Nov-2019 00:45:29 UTC] デバッグ：ターゲット情報を取得
[18-Nov-2019 00:45:29 UTC] デバッグ：クエリ成功
[18-Nov-2019 00:45:29 UTC] デバッグ：画面表示処理終了<<<<<<<<<<<<<<<<<<<<<<<
[18-Nov-2019 00:45:36 UTC] デバッグ：------------------------------------
[18-Nov-2019 00:45:36 UTC] デバッグ：メインページ
[18-Nov-2019 00:45:36 UTC] デバッグ：------------------------------------
[18-Nov-2019 00:45:36 UTC] デバッグ：>>>>>>>>>>>>>>>>>>>>>>>画面処理開始
[18-Nov-2019 00:45:36 UTC] デバッグ：セッションID：gg2f6aslt7fpcur2rdqsqmpfh6
[18-Nov-2019 00:45:36 UTC] デバッグ：セッション名：Array
(
)

[18-Nov-2019 00:45:36 UTC] デバッグ：現在日時スタンプ：1574037936
[18-Nov-2019 00:45:36 UTC] デバッグ：商品情報を取得します。
[18-Nov-2019 00:45:36 UTC] デバッグ：クエリ成功
[18-Nov-2019 00:45:36 UTC] デバッグ：SQL：SELECT * FROM product WHERE category_id = 1 LIMIT 15 OFFSET 0
[18-Nov-2019 00:45:36 UTC] デバッグ：クエリ成功
[18-Nov-2019 00:45:36 UTC] デバッグ：カテゴリー情報を取得
[18-Nov-2019 00:45:36 UTC] デバッグ：クエリ成功
[18-Nov-2019 00:45:36 UTC] デバッグ：ターゲット情報を取得
[18-Nov-2019 00:45:36 UTC] デバッグ：クエリ成功
[18-Nov-2019 00:45:36 UTC] デバッグ：画面表示処理終了<<<<<<<<<<<<<<<<<<<<<<<
[18-Nov-2019 03:02:47 UTC] デバッグ：------------------------------------
[18-Nov-2019 03:02:47 UTC] デバッグ：メインページ
[18-Nov-2019 03:02:47 UTC] デバッグ：------------------------------------
[18-Nov-2019 03:02:47 UTC] デバッグ：>>>>>>>>>>>>>>>>>>>>>>>画面処理開始
[18-Nov-2019 03:02:47 UTC] デバッグ：セッションID：5e5qpcfc2b46ac77cvcveo3sfn
[18-Nov-2019 03:02:47 UTC] デバッグ：セッション名：Array
(
)

[18-Nov-2019 03:02:47 UTC] デバッグ：現在日時スタンプ：1574046167
[18-Nov-2019 03:02:47 UTC] デバッグ：商品情報を取得します。
[18-Nov-2019 03:02:47 UTC] デバッグ：クエリ成功
[18-Nov-2019 03:02:47 UTC] デバッグ：SQL：SELECT * FROM product LIMIT 15 OFFSET 0
[18-Nov-2019 03:02:47 UTC] デバッグ：クエリ成功
[18-Nov-2019 03:02:47 UTC] デバッグ：カテゴリー情報を取得
[18-Nov-2019 03:02:47 UTC] デバッグ：クエリ成功
[18-Nov-2019 03:02:47 UTC] デバッグ：ターゲット情報を取得
[18-Nov-2019 03:02:47 UTC] デバッグ：クエリ成功
[18-Nov-2019 03:02:47 UTC] デバッグ：画面表示処理終了<<<<<<<<<<<<<<<<<<<<<<<
[18-Nov-2019 04:24:50 UTC] デバッグ：------------------------------------
[18-Nov-2019 04:24:50 UTC] デバッグ：メインページ
[18-Nov-2019 04:24:50 UTC] デバッグ：------------------------------------
[18-Nov-2019 04:24:50 UTC] デバッグ：>>>>>>>>>>>>>>>>>>>>>>>画面処理開始
[18-Nov-2019 04:24:50 UTC] デバッグ：セッションID：9r8s7tbggmacdce7fg6vkneqtq
[18-Nov-2019 04:24:50 UTC] デバッグ：セッション名：Array
(
)

[18-Nov-2019 04:24:50 UTC] デバッグ：現在日時スタンプ：1574051090
[18-Nov-2019 04:24:50 UTC] デバッグ：商品情報を取得します。
[18-Nov-2019 04:24:50 UTC] デバッグ：クエリ成功
[18-Nov-2019 04:24:50 UTC] デバッグ：SQL：SELECT * FROM product LIMIT 15 OFFSET 0
[18-Nov-2019 04:24:50 UTC] デバッグ：クエリ成功
[18-Nov-2019 04:24:50 UTC] デバッグ：カテゴリー情報を取得
[18-Nov-2019 04:24:50 UTC] デバッグ：クエリ成功
[18-Nov-2019 04:24:50 UTC] デバッグ：ターゲット情報を取得
[18-Nov-2019 04:24:50 UTC] デバッグ：クエリ成功
[18-Nov-2019 04:24:50 UTC] デバッグ：画面表示処理終了<<<<<<<<<<<<<<<<<<<<<<<
[18-Nov-2019 04:24:55 UTC] デバッグ：------------------------------------
[18-Nov-2019 04:24:55 UTC] デバッグ：メインページ
[18-Nov-2019 04:24:55 UTC] デバッグ：------------------------------------
[18-Nov-2019 04:24:55 UTC] デバッグ：>>>>>>>>>>>>>>>>>>>>>>>画面処理開始
[18-Nov-2019 04:24:55 UTC] デバッグ：セッションID：kdc720fkfkm93m2n3lfc66ucv9
[18-Nov-2019 04:24:55 UTC] デバッグ：セッション名：Array
(
)

[18-Nov-2019 04:24:55 UTC] デバッグ：現在日時スタンプ：1574051095
[18-Nov-2019 04:24:55 UTC] デバッグ：商品情報を取得します。
[18-Nov-2019 04:24:55 UTC] デバッグ：クエリ成功
[18-Nov-2019 04:24:55 UTC] デバッグ：SQL：SELECT * FROM product WHERE category_id = 1 LIMIT 15 OFFSET 0
[18-Nov-2019 04:24:55 UTC] デバッグ：クエリ成功
[18-Nov-2019 04:24:55 UTC] デバッグ：カテゴリー情報を取得
[18-Nov-2019 04:24:55 UTC] デバッグ：クエリ成功
[18-Nov-2019 04:24:55 UTC] デバッグ：ターゲット情報を取得
[18-Nov-2019 04:24:55 UTC] デバッグ：クエリ成功
[18-Nov-2019 04:24:55 UTC] デバッグ：画面表示処理終了<<<<<<<<<<<<<<<<<<<<<<<
[18-Nov-2019 04:25:22 UTC] デバッグ：------------------------------------
[18-Nov-2019 04:25:22 UTC] デバッグ：メインページ
[18-Nov-2019 04:25:22 UTC] デバッグ：------------------------------------
[18-Nov-2019 04:25:22 UTC] デバッグ：>>>>>>>>>>>>>>>>>>>>>>>画面処理開始
[18-Nov-2019 04:25:22 UTC] デバッグ：セッションID：auerr8afhtub6ad9nks27dd5jq
[18-Nov-2019 04:25:22 UTC] デバッグ：セッション名：Array
(
)

[18-Nov-2019 04:25:22 UTC] デバッグ：現在日時スタンプ：1574051122
[18-Nov-2019 04:25:22 UTC] デバッグ：商品情報を取得します。
[18-Nov-2019 04:25:22 UTC] デバッグ：クエリ成功
[18-Nov-2019 04:25:22 UTC] デバッグ：SQL：SELECT * FROM product LIMIT 15 OFFSET 0
[18-Nov-2019 04:25:22 UTC] デバッグ：クエリ成功
[18-Nov-2019 04:25:22 UTC] デバッグ：カテゴリー情報を取得
[18-Nov-2019 04:25:22 UTC] デバッグ：クエリ成功
[18-Nov-2019 04:25:22 UTC] デバッグ：ターゲット情報を取得
[18-Nov-2019 04:25:22 UTC] デバッグ：クエリ成功
[18-Nov-2019 04:25:22 UTC] デバッグ：画面表示処理終了<<<<<<<<<<<<<<<<<<<<<<<
[18-Nov-2019 04:25:26 UTC] デバッグ：------------------------------------
[18-Nov-2019 04:25:26 UTC] デバッグ：ログインページ
[18-Nov-2019 04:25:26 UTC] デバッグ：------------------------------------
[18-Nov-2019 04:25:26 UTC] デバッグ：>>>>>>>>>>>>>>>>>>>>>>>画面処理開始
[18-Nov-2019 04:25:26 UTC] デバッグ：セッションID：a9t1pb16ui8q8d4euif5um2nv9
[18-Nov-2019 04:25:26 UTC] デバッグ：セッション名：Array
(
)

[18-Nov-2019 04:25:26 UTC] デバッグ：現在日時スタンプ：1574051126
[18-Nov-2019 04:25:26 UTC] デバッグ：画面表示処理終了<<<<<<<<<<<<<<<<<<<<<<<
[18-Nov-2019 04:25:39 UTC] デバッグ：------------------------------------
[18-Nov-2019 04:25:39 UTC] デバッグ：サインアップページ
[18-Nov-2019 04:25:39 UTC] デバッグ：------------------------------------
[18-Nov-2019 04:25:39 UTC] デバッグ：>>>>>>>>>>>>>>>>>>>>>>>画面処理開始
[18-Nov-2019 04:25:39 UTC] デバッグ：セッションID：18pmtgbtccig4p8ea3vj6ph00j
[18-Nov-2019 04:25:39 UTC] デバッグ：セッション名：Array
(
)

[18-Nov-2019 04:25:39 UTC] デバッグ：現在日時スタンプ：1574051139
[18-Nov-2019 04:25:52 UTC] デバッグ：------------------------------------
[18-Nov-2019 04:25:52 UTC] デバッグ：サインアップページ
[18-Nov-2019 04:25:52 UTC] デバッグ：------------------------------------
[18-Nov-2019 04:25:52 UTC] デバッグ：>>>>>>>>>>>>>>>>>>>>>>>画面処理開始
[18-Nov-2019 04:25:52 UTC] デバッグ：セッションID：hd2e77cqhaitj1bsarn48c6v8q
[18-Nov-2019 04:25:52 UTC] デバッグ：セッション名：Array
(
)

[18-Nov-2019 04:25:52 UTC] デバッグ：現在日時スタンプ：1574051152
[18-Nov-2019 04:25:52 UTC] デバッグ：START
[18-Nov-2019 04:25:52 UTC] デバッグ：POST送信
[18-Nov-2019 04:26:06 UTC] デバッグ：------------------------------------
[18-Nov-2019 04:26:06 UTC] デバッグ：サインアップページ
[18-Nov-2019 04:26:06 UTC] デバッグ：------------------------------------
[18-Nov-2019 04:26:06 UTC] デバッグ：>>>>>>>>>>>>>>>>>>>>>>>画面処理開始
[18-Nov-2019 04:26:06 UTC] デバッグ：セッションID：6hqvs4oeqjiu8h9pmnief2kavr
[18-Nov-2019 04:26:06 UTC] デバッグ：セッション名：Array
(
)

[18-Nov-2019 04:26:06 UTC] デバッグ：現在日時スタンプ：1574051166
[18-Nov-2019 04:26:06 UTC] デバッグ：START
[18-Nov-2019 04:26:06 UTC] デバッグ：POST送信
[18-Nov-2019 04:26:06 UTC] デバッグ：クエリ成功
[18-Nov-2019 04:26:06 UTC] デバッグ：クエリ成功
[18-Nov-2019 04:26:39 UTC] デバッグ：------------------------------------
[18-Nov-2019 04:26:39 UTC] デバッグ：メインページ
[18-Nov-2019 04:26:39 UTC] デバッグ：------------------------------------
[18-Nov-2019 04:26:39 UTC] デバッグ：>>>>>>>>>>>>>>>>>>>>>>>画面処理開始
[18-Nov-2019 04:26:39 UTC] デバッグ：セッションID：1givvme7v22j73keea9ut4buth
[18-Nov-2019 04:26:39 UTC] デバッグ：セッション名：Array
(
)

[18-Nov-2019 04:26:39 UTC] デバッグ：現在日時スタンプ：1574051199
[18-Nov-2019 04:26:39 UTC] デバッグ：商品情報を取得します。
[18-Nov-2019 04:26:39 UTC] デバッグ：クエリ成功
[18-Nov-2019 04:26:39 UTC] デバッグ：SQL：SELECT * FROM product LIMIT 15 OFFSET 0
[18-Nov-2019 04:26:39 UTC] デバッグ：クエリ成功
[18-Nov-2019 04:26:39 UTC] デバッグ：カテゴリー情報を取得
[18-Nov-2019 04:26:39 UTC] デバッグ：クエリ成功
[18-Nov-2019 04:26:39 UTC] デバッグ：ターゲット情報を取得
[18-Nov-2019 04:26:39 UTC] デバッグ：クエリ成功
[18-Nov-2019 04:26:39 UTC] デバッグ：画面表示処理終了<<<<<<<<<<<<<<<<<<<<<<<
[18-Nov-2019 04:26:44 UTC] デバッグ：------------------------------------
[18-Nov-2019 04:26:44 UTC] デバッグ：サインアップページ
[18-Nov-2019 04:26:44 UTC] デバッグ：------------------------------------
[18-Nov-2019 04:26:44 UTC] デバッグ：>>>>>>>>>>>>>>>>>>>>>>>画面処理開始
[18-Nov-2019 04:26:44 UTC] デバッグ：セッションID：pn36tkavbhmg82a0rqedogr1k5
[18-Nov-2019 04:26:44 UTC] デバッグ：セッション名：Array
(
)

[18-Nov-2019 04:26:44 UTC] デバッグ：現在日時スタンプ：1574051204
[18-Nov-2019 04:27:08 UTC] デバッグ：------------------------------------
[18-Nov-2019 04:27:08 UTC] デバッグ：サインアップページ
[18-Nov-2019 04:27:08 UTC] デバッグ：------------------------------------
[18-Nov-2019 04:27:08 UTC] デバッグ：>>>>>>>>>>>>>>>>>>>>>>>画面処理開始
[18-Nov-2019 04:27:08 UTC] デバッグ：セッションID：l41t389bmunfoaa3q5862gs4eg
[18-Nov-2019 04:27:08 UTC] デバッグ：セッション名：Array
(
)

[18-Nov-2019 04:27:08 UTC] デバッグ：現在日時スタンプ：1574051228
[18-Nov-2019 04:27:08 UTC] デバッグ：START
[18-Nov-2019 04:27:08 UTC] デバッグ：POST送信
[18-Nov-2019 04:27:12 UTC] デバッグ：------------------------------------
[18-Nov-2019 04:27:12 UTC] デバッグ：メインページ
[18-Nov-2019 04:27:12 UTC] デバッグ：------------------------------------
[18-Nov-2019 04:27:12 UTC] デバッグ：>>>>>>>>>>>>>>>>>>>>>>>画面処理開始
[18-Nov-2019 04:27:12 UTC] デバッグ：セッションID：oeffuugkher52fvmjsraaf66p8
[18-Nov-2019 04:27:12 UTC] デバッグ：セッション名：Array
(
)

[18-Nov-2019 04:27:12 UTC] デバッグ：現在日時スタンプ：1574051232
[18-Nov-2019 04:27:12 UTC] デバッグ：商品情報を取得します。
[18-Nov-2019 04:27:12 UTC] デバッグ：クエリ成功
[18-Nov-2019 04:27:12 UTC] デバッグ：SQL：SELECT * FROM product LIMIT 15 OFFSET 0
[18-Nov-2019 04:27:12 UTC] デバッグ：クエリ成功
[18-Nov-2019 04:27:12 UTC] デバッグ：カテゴリー情報を取得
[18-Nov-2019 04:27:12 UTC] デバッグ：クエリ成功
[18-Nov-2019 04:27:12 UTC] デバッグ：ターゲット情報を取得
[18-Nov-2019 04:27:12 UTC] デバッグ：クエリ成功
[18-Nov-2019 04:27:12 UTC] デバッグ：画面表示処理終了<<<<<<<<<<<<<<<<<<<<<<<
[18-Nov-2019 04:27:33 UTC] デバッグ：------------------------------------
[18-Nov-2019 04:27:33 UTC] デバッグ：サインアップページ
[18-Nov-2019 04:27:33 UTC] デバッグ：------------------------------------
[18-Nov-2019 04:27:33 UTC] デバッグ：>>>>>>>>>>>>>>>>>>>>>>>画面処理開始
[18-Nov-2019 04:27:33 UTC] デバッグ：セッションID：fmug0ujlnd2add705qgd84ddqt
[18-Nov-2019 04:27:33 UTC] デバッグ：セッション名：Array
(
)

[18-Nov-2019 04:27:33 UTC] デバッグ：現在日時スタンプ：1574051253
[18-Nov-2019 04:27:43 UTC] デバッグ：------------------------------------
[18-Nov-2019 04:27:43 UTC] デバッグ：サインアップページ
[18-Nov-2019 04:27:43 UTC] デバッグ：------------------------------------
[18-Nov-2019 04:27:43 UTC] デバッグ：>>>>>>>>>>>>>>>>>>>>>>>画面処理開始
[18-Nov-2019 04:27:43 UTC] デバッグ：セッションID：mqjidddahbokvh3vu73ednbqar
[18-Nov-2019 04:27:43 UTC] デバッグ：セッション名：Array
(
)

[18-Nov-2019 04:27:43 UTC] デバッグ：現在日時スタンプ：1574051263
[18-Nov-2019 04:27:43 UTC] デバッグ：START
[18-Nov-2019 04:27:43 UTC] デバッグ：POST送信
[18-Nov-2019 04:27:43 UTC] デバッグ：クエリ成功
[18-Nov-2019 04:27:43 UTC] デバッグ：クエリ成功
[18-Nov-2019 04:27:48 UTC] デバッグ：------------------------------------
[18-Nov-2019 04:27:48 UTC] デバッグ：サインアップページ
[18-Nov-2019 04:27:48 UTC] デバッグ：------------------------------------
[18-Nov-2019 04:27:48 UTC] デバッグ：>>>>>>>>>>>>>>>>>>>>>>>画面処理開始
[18-Nov-2019 04:27:48 UTC] デバッグ：セッションID：10kv622dj4kg02f1f9fqa9onu6
[18-Nov-2019 04:27:48 UTC] デバッグ：セッション名：Array
(
)

[18-Nov-2019 04:27:48 UTC] デバッグ：現在日時スタンプ：1574051268
[18-Nov-2019 04:27:48 UTC] デバッグ：START
[18-Nov-2019 04:27:48 UTC] デバッグ：POST送信
[18-Nov-2019 04:27:48 UTC] デバッグ：クエリ成功
[18-Nov-2019 04:27:48 UTC] デバッグ：クエリ成功
[18-Nov-2019 04:27:48 UTC] デバッグ：VC完了
[18-Nov-2019 04:27:48 UTC] デバッグ：DB接続
[18-Nov-2019 04:27:48 UTC] デバッグ：クエリ成功
[18-Nov-2019 04:27:48 UTC] デバッグ：SESSIONArray
(
    [login_date] => 1574051268
    [login_limit] => 3600
    [user_id] => 1
)

[18-Nov-2019 04:27:53 UTC] デバッグ：------------------------------------
[18-Nov-2019 04:27:53 UTC] デバッグ：メインページ
[18-Nov-2019 04:27:53 UTC] デバッグ：------------------------------------
[18-Nov-2019 04:27:53 UTC] デバッグ：>>>>>>>>>>>>>>>>>>>>>>>画面処理開始
[18-Nov-2019 04:27:53 UTC] デバッグ：セッションID：60408mqm4o66j5jjh34ghd07nj
[18-Nov-2019 04:27:53 UTC] デバッグ：セッション名：Array
(
    [login_date] => 1574051268
    [login_limit] => 3600
    [user_id] => 1
)

[18-Nov-2019 04:27:53 UTC] デバッグ：現在日時スタンプ：1574051273
[18-Nov-2019 04:27:53 UTC] デバッグ：ログイン期限日時タイムスタンプ：1574054868
[18-Nov-2019 04:27:53 UTC] デバッグ：商品情報を取得します。
[18-Nov-2019 04:27:53 UTC] デバッグ：クエリ成功
[18-Nov-2019 04:27:53 UTC] デバッグ：SQL：SELECT * FROM product LIMIT 15 OFFSET 0
[18-Nov-2019 04:27:53 UTC] デバッグ：クエリ成功
[18-Nov-2019 04:27:53 UTC] デバッグ：カテゴリー情報を取得
[18-Nov-2019 04:27:53 UTC] デバッグ：クエリ成功
[18-Nov-2019 04:27:53 UTC] デバッグ：ターゲット情報を取得
[18-Nov-2019 04:27:53 UTC] デバッグ：クエリ成功
[18-Nov-2019 04:27:53 UTC] デバッグ：画面表示処理終了<<<<<<<<<<<<<<<<<<<<<<<
[18-Nov-2019 04:28:00 UTC] デバッグ：------------------------------------
[18-Nov-2019 04:28:00 UTC] デバッグ：ログインページ
[18-Nov-2019 04:28:00 UTC] デバッグ：------------------------------------
[18-Nov-2019 04:28:00 UTC] デバッグ：>>>>>>>>>>>>>>>>>>>>>>>画面処理開始
[18-Nov-2019 04:28:00 UTC] デバッグ：セッションID：6mf7s140qmg3ph475v0nu52eq3
[18-Nov-2019 04:28:00 UTC] デバッグ：セッション名：Array
(
    [login_date] => 1574051268
    [login_limit] => 3600
    [user_id] => 1
)

[18-Nov-2019 04:28:00 UTC] デバッグ：現在日時スタンプ：1574051280
[18-Nov-2019 04:28:00 UTC] デバッグ：ログイン期限日時タイムスタンプ：1574054868
[18-Nov-2019 04:28:00 UTC] デバッグ：画面表示処理終了<<<<<<<<<<<<<<<<<<<<<<<
[18-Nov-2019 04:28:03 UTC] デバッグ：------------------------------------
[18-Nov-2019 04:28:03 UTC] デバッグ：サインアップページ
[18-Nov-2019 04:28:03 UTC] デバッグ：------------------------------------
[18-Nov-2019 04:28:03 UTC] デバッグ：>>>>>>>>>>>>>>>>>>>>>>>画面処理開始
[18-Nov-2019 04:28:03 UTC] デバッグ：セッションID：ff4o6je6kejqqsjor765ccd4cr
[18-Nov-2019 04:28:03 UTC] デバッグ：セッション名：Array
(
    [login_date] => 1574051268
    [login_limit] => 3600
    [user_id] => 1
)

[18-Nov-2019 04:28:03 UTC] デバッグ：現在日時スタンプ：1574051283
[18-Nov-2019 04:28:03 UTC] デバッグ：ログイン期限日時タイムスタンプ：1574054868
[18-Nov-2019 04:28:07 UTC] デバッグ：------------------------------------
[18-Nov-2019 04:28:07 UTC] デバッグ：サインアップページ
[18-Nov-2019 04:28:07 UTC] デバッグ：------------------------------------
[18-Nov-2019 04:28:07 UTC] デバッグ：>>>>>>>>>>>>>>>>>>>>>>>画面処理開始
[18-Nov-2019 04:28:07 UTC] デバッグ：セッションID：unsv8mbfv4flttfa676h991eij
[18-Nov-2019 04:28:07 UTC] デバッグ：セッション名：Array
(
    [login_date] => 1574051268
    [login_limit] => 3600
    [user_id] => 1
)

[18-Nov-2019 04:28:07 UTC] デバッグ：現在日時スタンプ：1574051287
[18-Nov-2019 04:28:07 UTC] デバッグ：ログイン期限日時タイムスタンプ：1574054868
[18-Nov-2019 04:28:13 UTC] デバッグ：------------------------------------
[18-Nov-2019 04:28:13 UTC] デバッグ：サインアップページ
[18-Nov-2019 04:28:13 UTC] デバッグ：------------------------------------
[18-Nov-2019 04:28:13 UTC] デバッグ：>>>>>>>>>>>>>>>>>>>>>>>画面処理開始
[18-Nov-2019 04:28:13 UTC] デバッグ：セッションID：1esvg6o7abfa0a45j7t19ms813
[18-Nov-2019 04:28:13 UTC] デバッグ：セッション名：Array
(
    [login_date] => 1574051268
    [login_limit] => 3600
    [user_id] => 1
)

[18-Nov-2019 04:28:13 UTC] デバッグ：現在日時スタンプ：1574051293
[18-Nov-2019 04:28:13 UTC] デバッグ：ログイン期限日時タイムスタンプ：1574054868
[18-Nov-2019 04:28:13 UTC] デバッグ：START
[18-Nov-2019 04:28:13 UTC] デバッグ：POST送信
[18-Nov-2019 04:28:13 UTC] デバッグ：クエリ成功
[18-Nov-2019 04:28:13 UTC] デバッグ：クエリ成功
[18-Nov-2019 04:28:21 UTC] デバッグ：------------------------------------
[18-Nov-2019 04:28:21 UTC] デバッグ：サインアップページ
[18-Nov-2019 04:28:21 UTC] デバッグ：------------------------------------
[18-Nov-2019 04:28:21 UTC] デバッグ：>>>>>>>>>>>>>>>>>>>>>>>画面処理開始
[18-Nov-2019 04:28:21 UTC] デバッグ：セッションID：0vfi9u9c8mnp8eal03bkn9bdeu
[18-Nov-2019 04:28:21 UTC] デバッグ：セッション名：Array
(
    [login_date] => 1574051268
    [login_limit] => 3600
    [user_id] => 1
)

[18-Nov-2019 04:28:21 UTC] デバッグ：現在日時スタンプ：1574051301
[18-Nov-2019 04:28:21 UTC] デバッグ：ログイン期限日時タイムスタンプ：1574054868
[18-Nov-2019 04:28:21 UTC] デバッグ：START
[18-Nov-2019 04:28:21 UTC] デバッグ：POST送信
[18-Nov-2019 04:28:21 UTC] デバッグ：クエリ成功
[18-Nov-2019 04:28:21 UTC] デバッグ：クエリ成功
[18-Nov-2019 04:28:21 UTC] デバッグ：VC完了
[18-Nov-2019 04:28:21 UTC] デバッグ：DB接続
[18-Nov-2019 04:28:21 UTC] デバッグ：クエリ成功
[18-Nov-2019 04:28:21 UTC] デバッグ：SESSIONArray
(
    [login_date] => 1574051301
    [login_limit] => 3600
    [user_id] => 2
)

[18-Nov-2019 04:32:44 UTC] デバッグ：------------------------------------
[18-Nov-2019 04:32:44 UTC] デバッグ：メインページ
[18-Nov-2019 04:32:44 UTC] デバッグ：------------------------------------
[18-Nov-2019 04:32:44 UTC] デバッグ：>>>>>>>>>>>>>>>>>>>>>>>画面処理開始
[18-Nov-2019 04:32:44 UTC] デバッグ：セッションID：ca9fh95m7l1lnh3lonq7qprn7t
[18-Nov-2019 04:32:44 UTC] デバッグ：セッション名：Array
(
    [login_date] => 1574051301
    [login_limit] => 3600
    [user_id] => 2
)

[18-Nov-2019 04:32:44 UTC] デバッグ：現在日時スタンプ：1574051564
[18-Nov-2019 04:32:44 UTC] デバッグ：ログイン期限日時タイムスタンプ：1574054901
[18-Nov-2019 04:32:44 UTC] デバッグ：商品情報を取得します。
[18-Nov-2019 04:32:44 UTC] デバッグ：クエリ成功
[18-Nov-2019 04:32:44 UTC] デバッグ：SQL：SELECT * FROM product LIMIT 15 OFFSET 0
[18-Nov-2019 04:32:44 UTC] デバッグ：クエリ成功
[18-Nov-2019 04:32:44 UTC] デバッグ：カテゴリー情報を取得
[18-Nov-2019 04:32:44 UTC] デバッグ：クエリ成功
[18-Nov-2019 04:32:44 UTC] デバッグ：ターゲット情報を取得
[18-Nov-2019 04:32:44 UTC] デバッグ：クエリ成功
[18-Nov-2019 04:32:44 UTC] デバッグ：画面表示処理終了<<<<<<<<<<<<<<<<<<<<<<<
[18-Nov-2019 04:32:46 UTC] デバッグ：------------------------------------
[18-Nov-2019 04:32:46 UTC] デバッグ：ログインページ
[18-Nov-2019 04:32:46 UTC] デバッグ：------------------------------------
[18-Nov-2019 04:32:46 UTC] デバッグ：>>>>>>>>>>>>>>>>>>>>>>>画面処理開始
[18-Nov-2019 04:32:46 UTC] デバッグ：セッションID：7orghq30e2lqt34fq2i87q0elk
[18-Nov-2019 04:32:46 UTC] デバッグ：セッション名：Array
(
    [login_date] => 1574051301
    [login_limit] => 3600
    [user_id] => 2
)

[18-Nov-2019 04:32:46 UTC] デバッグ：現在日時スタンプ：1574051566
[18-Nov-2019 04:32:46 UTC] デバッグ：ログイン期限日時タイムスタンプ：1574054901
[18-Nov-2019 04:32:46 UTC] デバッグ：画面表示処理終了<<<<<<<<<<<<<<<<<<<<<<<
[18-Nov-2019 04:32:52 UTC] デバッグ：------------------------------------
[18-Nov-2019 04:32:52 UTC] デバッグ：ログインページ
[18-Nov-2019 04:32:52 UTC] デバッグ：------------------------------------
[18-Nov-2019 04:32:52 UTC] デバッグ：>>>>>>>>>>>>>>>>>>>>>>>画面処理開始
[18-Nov-2019 04:32:52 UTC] デバッグ：セッションID：efscp7t8ch3ok9rn20d5aq4mha
[18-Nov-2019 04:32:52 UTC] デバッグ：セッション名：Array
(
    [login_date] => 1574051301
    [login_limit] => 3600
    [user_id] => 2
)

[18-Nov-2019 04:32:52 UTC] デバッグ：現在日時スタンプ：1574051572
[18-Nov-2019 04:32:52 UTC] デバッグ：ログイン期限日時タイムスタンプ：1574054901
[18-Nov-2019 04:32:52 UTC] デバッグ：POST送信
[18-Nov-2019 04:32:52 UTC] デバッグ：VC完了
[18-Nov-2019 04:32:52 UTC] デバッグ：DB接続
[18-Nov-2019 04:32:52 UTC] デバッグ：クエリ成功
[18-Nov-2019 04:32:52 UTC] デバッグ：query：Array
(
    [password] => $2y$10$ckDDXS3fQIPlrwOx9EFYA.nYFA8NICUeaKd3mxMLp357URaa1hZjC
    [id] => 2
)

[18-Nov-2019 04:32:52 UTC] デバッグ：画面表示処理終了<<<<<<<<<<<<<<<<<<<<<<<
[18-Nov-2019 04:32:55 UTC] デバッグ：------------------------------------
[18-Nov-2019 04:32:55 UTC] デバッグ：サインアップページ
[18-Nov-2019 04:32:55 UTC] デバッグ：------------------------------------
[18-Nov-2019 04:32:55 UTC] デバッグ：>>>>>>>>>>>>>>>>>>>>>>>画面処理開始
[18-Nov-2019 04:32:55 UTC] デバッグ：セッションID：mtb1rau1ctea2f1moqhthod2mq
[18-Nov-2019 04:32:55 UTC] デバッグ：セッション名：Array
(
    [login_date] => 1574051301
    [login_limit] => 3600
    [user_id] => 2
)

[18-Nov-2019 04:32:55 UTC] デバッグ：現在日時スタンプ：1574051575
[18-Nov-2019 04:32:55 UTC] デバッグ：ログイン期限日時タイムスタンプ：1574054901
[18-Nov-2019 04:32:59 UTC] デバッグ：------------------------------------
[18-Nov-2019 04:32:59 UTC] デバッグ：サインアップページ
[18-Nov-2019 04:32:59 UTC] デバッグ：------------------------------------
[18-Nov-2019 04:32:59 UTC] デバッグ：>>>>>>>>>>>>>>>>>>>>>>>画面処理開始
[18-Nov-2019 04:32:59 UTC] デバッグ：セッションID：va46bldkoc0fm0dbh9v69fklut
[18-Nov-2019 04:32:59 UTC] デバッグ：セッション名：Array
(
    [login_date] => 1574051301
    [login_limit] => 3600
    [user_id] => 2
)

[18-Nov-2019 04:32:59 UTC] デバッグ：現在日時スタンプ：1574051579
[18-Nov-2019 04:32:59 UTC] デバッグ：ログイン期限日時タイムスタンプ：1574054901
[18-Nov-2019 04:32:59 UTC] デバッグ：START
[18-Nov-2019 04:32:59 UTC] デバッグ：POST送信
[18-Nov-2019 04:33:02 UTC] デバッグ：------------------------------------
[18-Nov-2019 04:33:02 UTC] デバッグ：サインアップページ
[18-Nov-2019 04:33:02 UTC] デバッグ：------------------------------------
[18-Nov-2019 04:33:02 UTC] デバッグ：>>>>>>>>>>>>>>>>>>>>>>>画面処理開始
[18-Nov-2019 04:33:02 UTC] デバッグ：セッションID：urpkmdgknkib7bocr5vgp6a1eb
[18-Nov-2019 04:33:02 UTC] デバッグ：セッション名：Array
(
    [login_date] => 1574051301
    [login_limit] => 3600
    [user_id] => 2
)

[18-Nov-2019 04:33:02 UTC] デバッグ：現在日時スタンプ：1574051582
[18-Nov-2019 04:33:02 UTC] デバッグ：ログイン期限日時タイムスタンプ：1574054901
[18-Nov-2019 04:33:02 UTC] デバッグ：START
[18-Nov-2019 04:33:02 UTC] デバッグ：POST送信
[18-Nov-2019 04:33:03 UTC] デバッグ：------------------------------------
[18-Nov-2019 04:33:03 UTC] デバッグ：サインアップページ
[18-Nov-2019 04:33:03 UTC] デバッグ：------------------------------------
[18-Nov-2019 04:33:03 UTC] デバッグ：>>>>>>>>>>>>>>>>>>>>>>>画面処理開始
[18-Nov-2019 04:33:03 UTC] デバッグ：セッションID：80jdu59k9dqq6n8g5ar3nuos1j
[18-Nov-2019 04:33:03 UTC] デバッグ：セッション名：Array
(
    [login_date] => 1574051301
    [login_limit] => 3600
    [user_id] => 2
)

[18-Nov-2019 04:33:03 UTC] デバッグ：現在日時スタンプ：1574051583
[18-Nov-2019 04:33:03 UTC] デバッグ：ログイン期限日時タイムスタンプ：1574054901
[18-Nov-2019 04:33:03 UTC] デバッグ：START
[18-Nov-2019 04:33:03 UTC] デバッグ：POST送信
[18-Nov-2019 04:33:03 UTC] デバッグ：クエリ成功
[18-Nov-2019 04:33:03 UTC] デバッグ：クエリ成功
[18-Nov-2019 04:33:11 UTC] デバッグ：------------------------------------
[18-Nov-2019 04:33:11 UTC] デバッグ：サインアップページ
[18-Nov-2019 04:33:11 UTC] デバッグ：------------------------------------
[18-Nov-2019 04:33:11 UTC] デバッグ：>>>>>>>>>>>>>>>>>>>>>>>画面処理開始
[18-Nov-2019 04:33:11 UTC] デバッグ：セッションID：lf419l6ffsvtlf9jvecgm0kesp
[18-Nov-2019 04:33:11 UTC] デバッグ：セッション名：Array
(
    [login_date] => 1574051301
    [login_limit] => 3600
    [user_id] => 2
)

[18-Nov-2019 04:33:11 UTC] デバッグ：現在日時スタンプ：1574051591
[18-Nov-2019 04:33:11 UTC] デバッグ：ログイン期限日時タイムスタンプ：1574054901
[18-Nov-2019 04:33:11 UTC] デバッグ：START
[18-Nov-2019 04:33:11 UTC] デバッグ：POST送信
[18-Nov-2019 04:33:11 UTC] デバッグ：クエリ成功
[18-Nov-2019 04:33:11 UTC] デバッグ：クエリ成功
[18-Nov-2019 04:33:14 UTC] デバッグ：------------------------------------
[18-Nov-2019 04:33:14 UTC] デバッグ：サインアップページ
[18-Nov-2019 04:33:14 UTC] デバッグ：------------------------------------
[18-Nov-2019 04:33:14 UTC] デバッグ：>>>>>>>>>>>>>>>>>>>>>>>画面処理開始
[18-Nov-2019 04:33:14 UTC] デバッグ：セッションID：4asf7i4inssag178ku9b7ml7qg
[18-Nov-2019 04:33:14 UTC] デバッグ：セッション名：Array
(
    [login_date] => 1574051301
    [login_limit] => 3600
    [user_id] => 2
)

[18-Nov-2019 04:33:14 UTC] デバッグ：現在日時スタンプ：1574051594
[18-Nov-2019 04:33:14 UTC] デバッグ：ログイン期限日時タイムスタンプ：1574054901
[18-Nov-2019 04:33:14 UTC] デバッグ：START
[18-Nov-2019 04:33:14 UTC] デバッグ：POST送信
[18-Nov-2019 04:33:14 UTC] デバッグ：クエリ成功
[18-Nov-2019 04:33:14 UTC] デバッグ：クエリ成功
[18-Nov-2019 04:33:17 UTC] デバッグ：------------------------------------
[18-Nov-2019 04:33:17 UTC] デバッグ：サインアップページ
[18-Nov-2019 04:33:17 UTC] デバッグ：------------------------------------
[18-Nov-2019 04:33:17 UTC] デバッグ：>>>>>>>>>>>>>>>>>>>>>>>画面処理開始
[18-Nov-2019 04:33:17 UTC] デバッグ：セッションID：amhsnigteqnaja0qin8oi917d5
[18-Nov-2019 04:33:17 UTC] デバッグ：セッション名：Array
(
    [login_date] => 1574051301
    [login_limit] => 3600
    [user_id] => 2
)

[18-Nov-2019 04:33:17 UTC] デバッグ：現在日時スタンプ：1574051597
[18-Nov-2019 04:33:17 UTC] デバッグ：ログイン期限日時タイムスタンプ：1574054901
[18-Nov-2019 04:33:17 UTC] デバッグ：START
[18-Nov-2019 04:33:17 UTC] デバッグ：POST送信
[18-Nov-2019 04:33:17 UTC] デバッグ：クエリ成功
[18-Nov-2019 04:33:17 UTC] デバッグ：クエリ成功
[18-Nov-2019 04:33:19 UTC] デバッグ：------------------------------------
[18-Nov-2019 04:33:19 UTC] デバッグ：サインアップページ
[18-Nov-2019 04:33:19 UTC] デバッグ：------------------------------------
[18-Nov-2019 04:33:19 UTC] デバッグ：>>>>>>>>>>>>>>>>>>>>>>>画面処理開始
[18-Nov-2019 04:33:19 UTC] デバッグ：セッションID：j3i647lfb70c6fj26ej87u1kjk
[18-Nov-2019 04:33:19 UTC] デバッグ：セッション名：Array
(
    [login_date] => 1574051301
    [login_limit] => 3600
    [user_id] => 2
)

[18-Nov-2019 04:33:19 UTC] デバッグ：現在日時スタンプ：1574051599
[18-Nov-2019 04:33:19 UTC] デバッグ：ログイン期限日時タイムスタンプ：1574054901
[18-Nov-2019 04:33:19 UTC] デバッグ：START
[18-Nov-2019 04:33:19 UTC] デバッグ：POST送信
[18-Nov-2019 04:33:19 UTC] デバッグ：クエリ成功
[18-Nov-2019 04:33:19 UTC] デバッグ：クエリ成功
[18-Nov-2019 04:33:19 UTC] デバッグ：VC完了
[18-Nov-2019 04:33:19 UTC] デバッグ：DB接続
[18-Nov-2019 04:33:19 UTC] デバッグ：クエリ成功
[18-Nov-2019 04:33:19 UTC] デバッグ：SESSIONArray
(
    [login_date] => 1574051599
    [login_limit] => 3600
    [user_id] => 3
)

[18-Nov-2019 04:33:21 UTC] デバッグ：------------------------------------
[18-Nov-2019 04:33:21 UTC] デバッグ：メインページ
[18-Nov-2019 04:33:21 UTC] デバッグ：------------------------------------
[18-Nov-2019 04:33:21 UTC] デバッグ：>>>>>>>>>>>>>>>>>>>>>>>画面処理開始
[18-Nov-2019 04:33:21 UTC] デバッグ：セッションID：3i0o04olk57nljin9c52747s21
[18-Nov-2019 04:33:21 UTC] デバッグ：セッション名：Array
(
    [login_date] => 1574051599
    [login_limit] => 3600
    [user_id] => 3
)

[18-Nov-2019 04:33:21 UTC] デバッグ：現在日時スタンプ：1574051601
[18-Nov-2019 04:33:21 UTC] デバッグ：ログイン期限日時タイムスタンプ：1574055199
[18-Nov-2019 04:33:21 UTC] デバッグ：商品情報を取得します。
[18-Nov-2019 04:33:21 UTC] デバッグ：クエリ成功
[18-Nov-2019 04:33:21 UTC] デバッグ：SQL：SELECT * FROM product LIMIT 15 OFFSET 0
[18-Nov-2019 04:33:21 UTC] デバッグ：クエリ成功
[18-Nov-2019 04:33:21 UTC] デバッグ：カテゴリー情報を取得
[18-Nov-2019 04:33:21 UTC] デバッグ：クエリ成功
[18-Nov-2019 04:33:21 UTC] デバッグ：ターゲット情報を取得
[18-Nov-2019 04:33:21 UTC] デバッグ：クエリ成功
[18-Nov-2019 04:33:21 UTC] デバッグ：画面表示処理終了<<<<<<<<<<<<<<<<<<<<<<<
[18-Nov-2019 04:33:40 UTC] デバッグ：------------------------------------
[18-Nov-2019 04:33:40 UTC] デバッグ：サインアップページ
[18-Nov-2019 04:33:40 UTC] デバッグ：------------------------------------
[18-Nov-2019 04:33:40 UTC] デバッグ：>>>>>>>>>>>>>>>>>>>>>>>画面処理開始
[18-Nov-2019 04:33:40 UTC] デバッグ：セッションID：33jv9ngdm1h1mpm29p9tm66idk
[18-Nov-2019 04:33:40 UTC] デバッグ：セッション名：Array
(
    [login_date] => 1574051599
    [login_limit] => 3600
    [user_id] => 3
)

[18-Nov-2019 04:33:40 UTC] デバッグ：現在日時スタンプ：1574051620
[18-Nov-2019 04:33:40 UTC] デバッグ：ログイン期限日時タイムスタンプ：1574055199
[18-Nov-2019 04:36:18 UTC] デバッグ：------------------------------------
[18-Nov-2019 04:36:18 UTC] デバッグ：サインアップページ
[18-Nov-2019 04:36:18 UTC] デバッグ：------------------------------------
[18-Nov-2019 04:36:18 UTC] デバッグ：>>>>>>>>>>>>>>>>>>>>>>>画面処理開始
[18-Nov-2019 04:36:18 UTC] デバッグ：セッションID：5ilh56rqirl62v5bnuqjqd0pk9
[18-Nov-2019 04:36:18 UTC] デバッグ：セッション名：Array
(
    [login_date] => 1574051599
    [login_limit] => 3600
    [user_id] => 3
)

[18-Nov-2019 04:36:18 UTC] デバッグ：現在日時スタンプ：1574051778
[18-Nov-2019 04:36:18 UTC] デバッグ：ログイン期限日時タイムスタンプ：1574055199
[18-Nov-2019 04:36:25 UTC] デバッグ：------------------------------------
[18-Nov-2019 04:36:25 UTC] デバッグ：サインアップページ
[18-Nov-2019 04:36:25 UTC] デバッグ：------------------------------------
[18-Nov-2019 04:36:25 UTC] デバッグ：>>>>>>>>>>>>>>>>>>>>>>>画面処理開始
[18-Nov-2019 04:36:25 UTC] デバッグ：セッションID：7735alhu813hgrdc2k2dl68tm6
[18-Nov-2019 04:36:25 UTC] デバッグ：セッション名：Array
(
    [login_date] => 1574051599
    [login_limit] => 3600
    [user_id] => 3
)

[18-Nov-2019 04:36:25 UTC] デバッグ：現在日時スタンプ：1574051785
[18-Nov-2019 04:36:25 UTC] デバッグ：ログイン期限日時タイムスタンプ：1574055199
[18-Nov-2019 04:36:25 UTC] デバッグ：START
[18-Nov-2019 04:36:25 UTC] デバッグ：POST送信
[18-Nov-2019 04:36:27 UTC] デバッグ：------------------------------------
[18-Nov-2019 04:36:27 UTC] デバッグ：サインアップページ
[18-Nov-2019 04:36:27 UTC] デバッグ：------------------------------------
[18-Nov-2019 04:36:27 UTC] デバッグ：>>>>>>>>>>>>>>>>>>>>>>>画面処理開始
[18-Nov-2019 04:36:27 UTC] デバッグ：セッションID：pstn3ajnd16kfkvru9h0q69aa6
[18-Nov-2019 04:36:27 UTC] デバッグ：セッション名：Array
(
    [login_date] => 1574051599
    [login_limit] => 3600
    [user_id] => 3
)

[18-Nov-2019 04:36:27 UTC] デバッグ：現在日時スタンプ：1574051787
[18-Nov-2019 04:36:27 UTC] デバッグ：ログイン期限日時タイムスタンプ：1574055199
[18-Nov-2019 04:36:27 UTC] デバッグ：START
[18-Nov-2019 04:36:27 UTC] デバッグ：POST送信
[18-Nov-2019 04:36:27 UTC] デバッグ：クエリ成功
[18-Nov-2019 04:36:27 UTC] デバッグ：クエリ成功
[18-Nov-2019 04:36:27 UTC] デバッグ：VC完了
[18-Nov-2019 04:36:27 UTC] デバッグ：DB接続
[18-Nov-2019 04:36:27 UTC] デバッグ：クエリ成功
[18-Nov-2019 04:36:27 UTC] デバッグ：SESSIONArray
(
    [login_date] => 1574051787
    [login_limit] => 3600
    [user_id] => 4
)

[18-Nov-2019 04:37:59 UTC] デバッグ：------------------------------------
[18-Nov-2019 04:37:59 UTC] デバッグ：サインアップページ
[18-Nov-2019 04:37:59 UTC] デバッグ：------------------------------------
[18-Nov-2019 04:37:59 UTC] デバッグ：>>>>>>>>>>>>>>>>>>>>>>>画面処理開始
[18-Nov-2019 04:37:59 UTC] デバッグ：セッションID：elcb1mfha6u7evr6m2t5oimete
[18-Nov-2019 04:37:59 UTC] デバッグ：セッション名：Array
(
    [login_date] => 1574051787
    [login_limit] => 3600
    [user_id] => 4
)

[18-Nov-2019 04:37:59 UTC] デバッグ：現在日時スタンプ：1574051879
[18-Nov-2019 04:37:59 UTC] デバッグ：ログイン期限日時タイムスタンプ：1574055387
[18-Nov-2019 04:38:01 UTC] デバッグ：------------------------------------
[18-Nov-2019 04:38:01 UTC] デバッグ：サインアップページ
[18-Nov-2019 04:38:01 UTC] デバッグ：------------------------------------
[18-Nov-2019 04:38:01 UTC] デバッグ：>>>>>>>>>>>>>>>>>>>>>>>画面処理開始
[18-Nov-2019 04:38:01 UTC] デバッグ：セッションID：5o55ec09kbo6qf2ssn33ta08qk
[18-Nov-2019 04:38:01 UTC] デバッグ：セッション名：Array
(
    [login_date] => 1574051787
    [login_limit] => 3600
    [user_id] => 4
)

[18-Nov-2019 04:38:01 UTC] デバッグ：現在日時スタンプ：1574051881
[18-Nov-2019 04:38:01 UTC] デバッグ：ログイン期限日時タイムスタンプ：1574055387
[18-Nov-2019 04:38:02 UTC] デバッグ：------------------------------------
[18-Nov-2019 04:38:02 UTC] デバッグ：サインアップページ
[18-Nov-2019 04:38:02 UTC] デバッグ：------------------------------------
[18-Nov-2019 04:38:02 UTC] デバッグ：>>>>>>>>>>>>>>>>>>>>>>>画面処理開始
[18-Nov-2019 04:38:02 UTC] デバッグ：セッションID：gdhq8030ksdjabisvfr0r8lijn
[18-Nov-2019 04:38:02 UTC] デバッグ：セッション名：Array
(
    [login_date] => 1574051787
    [login_limit] => 3600
    [user_id] => 4
)

[18-Nov-2019 04:38:02 UTC] デバッグ：現在日時スタンプ：1574051882
[18-Nov-2019 04:38:02 UTC] デバッグ：ログイン期限日時タイムスタンプ：1574055387
[18-Nov-2019 04:38:04 UTC] デバッグ：------------------------------------
[18-Nov-2019 04:38:04 UTC] デバッグ：サインアップページ
[18-Nov-2019 04:38:04 UTC] デバッグ：------------------------------------
[18-Nov-2019 04:38:04 UTC] デバッグ：>>>>>>>>>>>>>>>>>>>>>>>画面処理開始
[18-Nov-2019 04:38:04 UTC] デバッグ：セッションID：39raeejelepv9s172rk54va4b3
[18-Nov-2019 04:38:04 UTC] デバッグ：セッション名：Array
(
    [login_date] => 1574051787
    [login_limit] => 3600
    [user_id] => 4
)

[18-Nov-2019 04:38:04 UTC] デバッグ：現在日時スタンプ：1574051884
[18-Nov-2019 04:38:04 UTC] デバッグ：ログイン期限日時タイムスタンプ：1574055387
[18-Nov-2019 04:38:04 UTC] デバッグ：------------------------------------
[18-Nov-2019 04:38:04 UTC] デバッグ：サインアップページ
[18-Nov-2019 04:38:04 UTC] デバッグ：------------------------------------
[18-Nov-2019 04:38:04 UTC] デバッグ：>>>>>>>>>>>>>>>>>>>>>>>画面処理開始
[18-Nov-2019 04:38:04 UTC] デバッグ：セッションID：e9nnheb6ff3i746sd6daaj08fo
[18-Nov-2019 04:38:04 UTC] デバッグ：セッション名：Array
(
    [login_date] => 1574051787
    [login_limit] => 3600
    [user_id] => 4
)

[18-Nov-2019 04:38:04 UTC] デバッグ：現在日時スタンプ：1574051884
[18-Nov-2019 04:38:04 UTC] デバッグ：ログイン期限日時タイムスタンプ：1574055387
[18-Nov-2019 04:38:04 UTC] デバッグ：------------------------------------
[18-Nov-2019 04:38:04 UTC] デバッグ：サインアップページ
[18-Nov-2019 04:38:04 UTC] デバッグ：------------------------------------
[18-Nov-2019 04:38:04 UTC] デバッグ：>>>>>>>>>>>>>>>>>>>>>>>画面処理開始
[18-Nov-2019 04:38:04 UTC] デバッグ：セッションID：iavhr7g6ogmvv3smgena1118se
[18-Nov-2019 04:38:04 UTC] デバッグ：セッション名：Array
(
    [login_date] => 1574051787
    [login_limit] => 3600
    [user_id] => 4
)

[18-Nov-2019 04:38:04 UTC] デバッグ：現在日時スタンプ：1574051884
[18-Nov-2019 04:38:04 UTC] デバッグ：ログイン期限日時タイムスタンプ：1574055387
[18-Nov-2019 04:38:05 UTC] デバッグ：------------------------------------
[18-Nov-2019 04:38:05 UTC] デバッグ：サインアップページ
[18-Nov-2019 04:38:05 UTC] デバッグ：------------------------------------
[18-Nov-2019 04:38:05 UTC] デバッグ：>>>>>>>>>>>>>>>>>>>>>>>画面処理開始
[18-Nov-2019 04:38:05 UTC] デバッグ：セッションID：sd3jm3j4l1pu2ki5p4ptj1u298
[18-Nov-2019 04:38:05 UTC] デバッグ：セッション名：Array
(
    [login_date] => 1574051787
    [login_limit] => 3600
    [user_id] => 4
)

[18-Nov-2019 04:38:05 UTC] デバッグ：現在日時スタンプ：1574051885
[18-Nov-2019 04:38:05 UTC] デバッグ：ログイン期限日時タイムスタンプ：1574055387
[18-Nov-2019 04:38:05 UTC] デバッグ：------------------------------------
[18-Nov-2019 04:38:05 UTC] デバッグ：サインアップページ
[18-Nov-2019 04:38:05 UTC] デバッグ：------------------------------------
[18-Nov-2019 04:38:05 UTC] デバッグ：>>>>>>>>>>>>>>>>>>>>>>>画面処理開始
[18-Nov-2019 04:38:05 UTC] デバッグ：セッションID：ri6rpr35b438f76svn1q7f42kf
[18-Nov-2019 04:38:05 UTC] デバッグ：セッション名：Array
(
    [login_date] => 1574051787
    [login_limit] => 3600
    [user_id] => 4
)

[18-Nov-2019 04:38:05 UTC] デバッグ：現在日時スタンプ：1574051885
[18-Nov-2019 04:38:05 UTC] デバッグ：ログイン期限日時タイムスタンプ：1574055387
[18-Nov-2019 04:38:05 UTC] デバッグ：------------------------------------
[18-Nov-2019 04:38:05 UTC] デバッグ：サインアップページ
[18-Nov-2019 04:38:05 UTC] デバッグ：------------------------------------
[18-Nov-2019 04:38:05 UTC] デバッグ：>>>>>>>>>>>>>>>>>>>>>>>画面処理開始
[18-Nov-2019 04:38:05 UTC] デバッグ：セッションID：f1612e6tbtqamtfitfdcm44kqa
[18-Nov-2019 04:38:05 UTC] デバッグ：セッション名：Array
(
    [login_date] => 1574051787
    [login_limit] => 3600
    [user_id] => 4
)

[18-Nov-2019 04:38:05 UTC] デバッグ：現在日時スタンプ：1574051885
[18-Nov-2019 04:38:05 UTC] デバッグ：ログイン期限日時タイムスタンプ：1574055387
[18-Nov-2019 04:38:12 UTC] デバッグ：------------------------------------
[18-Nov-2019 04:38:12 UTC] デバッグ：サインアップページ
[18-Nov-2019 04:38:12 UTC] デバッグ：------------------------------------
[18-Nov-2019 04:38:12 UTC] デバッグ：>>>>>>>>>>>>>>>>>>>>>>>画面処理開始
[18-Nov-2019 04:38:12 UTC] デバッグ：セッションID：f41n1ue5t0ad0i0c6bpgks9niu
[18-Nov-2019 04:38:12 UTC] デバッグ：セッション名：Array
(
    [login_date] => 1574051787
    [login_limit] => 3600
    [user_id] => 4
)

[18-Nov-2019 04:38:12 UTC] デバッグ：現在日時スタンプ：1574051892
[18-Nov-2019 04:38:12 UTC] デバッグ：ログイン期限日時タイムスタンプ：1574055387
[18-Nov-2019 04:39:15 UTC] デバッグ：------------------------------------
[18-Nov-2019 04:39:15 UTC] デバッグ：サインアップページ
[18-Nov-2019 04:39:15 UTC] デバッグ：------------------------------------
[18-Nov-2019 04:39:15 UTC] デバッグ：>>>>>>>>>>>>>>>>>>>>>>>画面処理開始
[18-Nov-2019 04:39:15 UTC] デバッグ：セッションID：2qlbho3qth3ubpdqp8t7m28f6h
[18-Nov-2019 04:39:15 UTC] デバッグ：セッション名：Array
(
    [login_date] => 1574051787
    [login_limit] => 3600
    [user_id] => 4
)

[18-Nov-2019 04:39:15 UTC] デバッグ：現在日時スタンプ：1574051955
[18-Nov-2019 04:39:15 UTC] デバッグ：ログイン期限日時タイムスタンプ：1574055387
[18-Nov-2019 04:39:21 UTC] デバッグ：------------------------------------
[18-Nov-2019 04:39:21 UTC] デバッグ：サインアップページ
[18-Nov-2019 04:39:21 UTC] デバッグ：------------------------------------
[18-Nov-2019 04:39:21 UTC] デバッグ：>>>>>>>>>>>>>>>>>>>>>>>画面処理開始
[18-Nov-2019 04:39:21 UTC] デバッグ：セッションID：vuqb41b7dl95phpbh1rj1ks7ej
[18-Nov-2019 04:39:21 UTC] デバッグ：セッション名：Array
(
    [login_date] => 1574051787
    [login_limit] => 3600
    [user_id] => 4
)

[18-Nov-2019 04:39:21 UTC] デバッグ：現在日時スタンプ：1574051961
[18-Nov-2019 04:39:21 UTC] デバッグ：ログイン期限日時タイムスタンプ：1574055387
[18-Nov-2019 04:39:29 UTC] デバッグ：------------------------------------
[18-Nov-2019 04:39:29 UTC] デバッグ：サインアップページ
[18-Nov-2019 04:39:29 UTC] デバッグ：------------------------------------
[18-Nov-2019 04:39:29 UTC] デバッグ：>>>>>>>>>>>>>>>>>>>>>>>画面処理開始
[18-Nov-2019 04:39:29 UTC] デバッグ：セッションID：hiloq9h2gig9aa0n3bc3eb89d9
[18-Nov-2019 04:39:29 UTC] デバッグ：セッション名：Array
(
    [login_date] => 1574051787
    [login_limit] => 3600
    [user_id] => 4
)

[18-Nov-2019 04:39:29 UTC] デバッグ：現在日時スタンプ：1574051969
[18-Nov-2019 04:39:29 UTC] デバッグ：ログイン期限日時タイムスタンプ：1574055387
[18-Nov-2019 04:39:29 UTC] デバッグ：START
[18-Nov-2019 04:39:29 UTC] デバッグ：POST送信
[18-Nov-2019 04:39:29 UTC] デバッグ：クエリ成功
[18-Nov-2019 04:39:29 UTC] デバッグ：クエリ成功
